{"date":"2023-06-28 17:08:15","type":"ERROR","data":"{
  err: undefined,
  code: 203,
  msg: '登陆失效，请重新登陆！',
  portName: '/admin/getUserInfo',
  body: {},
  query: {},
  method: 'POST'
}"} 

{"date":"2023-06-28 17:08:16","type":"ERROR","data":"{
  err: Error: Access denied for user ''@'172.18.0.1' (using password: NO)
      at Packet.asError (/Users/seven/WebProjects/myself/open-source-exercise/admin-starter/node_modules/.pnpm/registry.npmmirror.com+mysql2@3.4.2/node_modules/mysql2/lib/packets/packet.js:728:17)
      at ClientHandshake.execute (/Users/seven/WebProjects/myself/open-source-exercise/admin-starter/node_modules/.pnpm/registry.npmmirror.com+mysql2@3.4.2/node_modules/mysql2/lib/commands/command.js:29:26)
      at PoolConnection.handlePacket (/Users/seven/WebProjects/myself/open-source-exercise/admin-starter/node_modules/.pnpm/registry.npmmirror.com+mysql2@3.4.2/node_modules/mysql2/lib/connection.js:492:32)
      at PacketParser.onPacket (/Users/seven/WebProjects/myself/open-source-exercise/admin-starter/node_modules/.pnpm/registry.npmmirror.com+mysql2@3.4.2/node_modules/mysql2/lib/connection.js:97:12)
      at PacketParser.executeStart (/Users/seven/WebProjects/myself/open-source-exercise/admin-starter/node_modules/.pnpm/registry.npmmirror.com+mysql2@3.4.2/node_modules/mysql2/lib/packet_parser.js:75:16)
      at Socket.<anonymous> (/Users/seven/WebProjects/myself/open-source-exercise/admin-starter/node_modules/.pnpm/registry.npmmirror.com+mysql2@3.4.2/node_modules/mysql2/lib/connection.js:104:25)
      at Socket.emit (events.js:400:28)
      at addChunk (internal/streams/readable.js:293:12)
      at readableAddChunk (internal/streams/readable.js:267:9)
      at Socket.Readable.push (internal/streams/readable.js:206:10) {
    code: 'ER_ACCESS_DENIED_ERROR',
    errno: 1045,
    sqlState: '28000',
    sqlMessage: "Access denied for user ''@'172.18.0.1' (using password: NO)",
    sql: undefined
  },
  code: -1,
  msg: '服务器异常！',
  portName: '/admin/login',
  body: { name: 'admin', pwd: 'f379eaf3c831b04de153469d1bec345e' },
  query: {},
  method: 'POST'
}"} 

{"date":"2023-06-28 17:08:22","type":"ERROR","data":"{
  err: Error: Access denied for user ''@'172.18.0.1' (using password: NO)
      at Packet.asError (/Users/seven/WebProjects/myself/open-source-exercise/admin-starter/node_modules/.pnpm/registry.npmmirror.com+mysql2@3.4.2/node_modules/mysql2/lib/packets/packet.js:728:17)
      at ClientHandshake.execute (/Users/seven/WebProjects/myself/open-source-exercise/admin-starter/node_modules/.pnpm/registry.npmmirror.com+mysql2@3.4.2/node_modules/mysql2/lib/commands/command.js:29:26)
      at PoolConnection.handlePacket (/Users/seven/WebProjects/myself/open-source-exercise/admin-starter/node_modules/.pnpm/registry.npmmirror.com+mysql2@3.4.2/node_modules/mysql2/lib/connection.js:492:32)
      at PacketParser.onPacket (/Users/seven/WebProjects/myself/open-source-exercise/admin-starter/node_modules/.pnpm/registry.npmmirror.com+mysql2@3.4.2/node_modules/mysql2/lib/connection.js:97:12)
      at PacketParser.executeStart (/Users/seven/WebProjects/myself/open-source-exercise/admin-starter/node_modules/.pnpm/registry.npmmirror.com+mysql2@3.4.2/node_modules/mysql2/lib/packet_parser.js:75:16)
      at Socket.<anonymous> (/Users/seven/WebProjects/myself/open-source-exercise/admin-starter/node_modules/.pnpm/registry.npmmirror.com+mysql2@3.4.2/node_modules/mysql2/lib/connection.js:104:25)
      at Socket.emit (events.js:400:28)
      at addChunk (internal/streams/readable.js:293:12)
      at readableAddChunk (internal/streams/readable.js:267:9)
      at Socket.Readable.push (internal/streams/readable.js:206:10) {
    code: 'ER_ACCESS_DENIED_ERROR',
    errno: 1045,
    sqlState: '28000',
    sqlMessage: "Access denied for user ''@'172.18.0.1' (using password: NO)",
    sql: undefined
  },
  code: -1,
  msg: '服务器异常！',
  portName: '/admin/login',
  body: { name: 'admin', pwd: 'f379eaf3c831b04de153469d1bec345e' },
  query: {},
  method: 'POST'
}"} 

{"date":"2023-06-28 17:15:57","type":"ERROR","data":"{
  err: Error: Access denied for user ''@'172.18.0.1' (using password: NO)
      at Packet.asError (/Users/seven/WebProjects/myself/open-source-exercise/admin-starter/node_modules/.pnpm/registry.npmmirror.com+mysql2@3.4.2/node_modules/mysql2/lib/packets/packet.js:728:17)
      at ClientHandshake.execute (/Users/seven/WebProjects/myself/open-source-exercise/admin-starter/node_modules/.pnpm/registry.npmmirror.com+mysql2@3.4.2/node_modules/mysql2/lib/commands/command.js:29:26)
      at PoolConnection.handlePacket (/Users/seven/WebProjects/myself/open-source-exercise/admin-starter/node_modules/.pnpm/registry.npmmirror.com+mysql2@3.4.2/node_modules/mysql2/lib/connection.js:492:32)
      at PacketParser.onPacket (/Users/seven/WebProjects/myself/open-source-exercise/admin-starter/node_modules/.pnpm/registry.npmmirror.com+mysql2@3.4.2/node_modules/mysql2/lib/connection.js:97:12)
      at PacketParser.executeStart (/Users/seven/WebProjects/myself/open-source-exercise/admin-starter/node_modules/.pnpm/registry.npmmirror.com+mysql2@3.4.2/node_modules/mysql2/lib/packet_parser.js:75:16)
      at Socket.<anonymous> (/Users/seven/WebProjects/myself/open-source-exercise/admin-starter/node_modules/.pnpm/registry.npmmirror.com+mysql2@3.4.2/node_modules/mysql2/lib/connection.js:104:25)
      at Socket.emit (events.js:400:28)
      at addChunk (internal/streams/readable.js:293:12)
      at readableAddChunk (internal/streams/readable.js:267:9)
      at Socket.Readable.push (internal/streams/readable.js:206:10) {
    code: 'ER_ACCESS_DENIED_ERROR',
    errno: 1045,
    sqlState: '28000',
    sqlMessage: "Access denied for user ''@'172.18.0.1' (using password: NO)",
    sql: undefined
  },
  code: -1,
  msg: '服务器异常！',
  portName: '/admin/login',
  body: { name: 'admin', pwd: 'f379eaf3c831b04de153469d1bec345e' },
  query: {},
  method: 'POST'
}"} 

{"date":"2023-06-28 17:16:55","type":"ERROR","data":"{
  err: Error: Access denied for user ''@'172.18.0.1' (using password: NO)
      at Packet.asError (/Users/seven/WebProjects/myself/open-source-exercise/admin-starter/node_modules/.pnpm/registry.npmmirror.com+mysql2@3.4.2/node_modules/mysql2/lib/packets/packet.js:728:17)
      at ClientHandshake.execute (/Users/seven/WebProjects/myself/open-source-exercise/admin-starter/node_modules/.pnpm/registry.npmmirror.com+mysql2@3.4.2/node_modules/mysql2/lib/commands/command.js:29:26)
      at PoolConnection.handlePacket (/Users/seven/WebProjects/myself/open-source-exercise/admin-starter/node_modules/.pnpm/registry.npmmirror.com+mysql2@3.4.2/node_modules/mysql2/lib/connection.js:492:32)
      at PacketParser.onPacket (/Users/seven/WebProjects/myself/open-source-exercise/admin-starter/node_modules/.pnpm/registry.npmmirror.com+mysql2@3.4.2/node_modules/mysql2/lib/connection.js:97:12)
      at PacketParser.executeStart (/Users/seven/WebProjects/myself/open-source-exercise/admin-starter/node_modules/.pnpm/registry.npmmirror.com+mysql2@3.4.2/node_modules/mysql2/lib/packet_parser.js:75:16)
      at Socket.<anonymous> (/Users/seven/WebProjects/myself/open-source-exercise/admin-starter/node_modules/.pnpm/registry.npmmirror.com+mysql2@3.4.2/node_modules/mysql2/lib/connection.js:104:25)
      at Socket.emit (events.js:400:28)
      at addChunk (internal/streams/readable.js:293:12)
      at readableAddChunk (internal/streams/readable.js:267:9)
      at Socket.Readable.push (internal/streams/readable.js:206:10) {
    code: 'ER_ACCESS_DENIED_ERROR',
    errno: 1045,
    sqlState: '28000',
    sqlMessage: "Access denied for user ''@'172.18.0.1' (using password: NO)",
    sql: undefined
  },
  code: -1,
  msg: '服务器异常！',
  portName: '/admin/login',
  body: { name: 'admin', pwd: 'f379eaf3c831b04de153469d1bec345e' },
  query: {},
  method: 'POST'
}"} 

{"date":"2023-06-28 17:17:35","type":"ERROR","data":"{
  err: Error: Access denied for user ''@'172.18.0.1' (using password: NO)
      at Packet.asError (/Users/seven/WebProjects/myself/open-source-exercise/admin-starter/node_modules/.pnpm/registry.npmmirror.com+mysql2@3.4.2/node_modules/mysql2/lib/packets/packet.js:728:17)
      at ClientHandshake.execute (/Users/seven/WebProjects/myself/open-source-exercise/admin-starter/node_modules/.pnpm/registry.npmmirror.com+mysql2@3.4.2/node_modules/mysql2/lib/commands/command.js:29:26)
      at PoolConnection.handlePacket (/Users/seven/WebProjects/myself/open-source-exercise/admin-starter/node_modules/.pnpm/registry.npmmirror.com+mysql2@3.4.2/node_modules/mysql2/lib/connection.js:492:32)
      at PacketParser.onPacket (/Users/seven/WebProjects/myself/open-source-exercise/admin-starter/node_modules/.pnpm/registry.npmmirror.com+mysql2@3.4.2/node_modules/mysql2/lib/connection.js:97:12)
      at PacketParser.executeStart (/Users/seven/WebProjects/myself/open-source-exercise/admin-starter/node_modules/.pnpm/registry.npmmirror.com+mysql2@3.4.2/node_modules/mysql2/lib/packet_parser.js:75:16)
      at Socket.<anonymous> (/Users/seven/WebProjects/myself/open-source-exercise/admin-starter/node_modules/.pnpm/registry.npmmirror.com+mysql2@3.4.2/node_modules/mysql2/lib/connection.js:104:25)
      at Socket.emit (events.js:400:28)
      at addChunk (internal/streams/readable.js:293:12)
      at readableAddChunk (internal/streams/readable.js:267:9)
      at Socket.Readable.push (internal/streams/readable.js:206:10) {
    code: 'ER_ACCESS_DENIED_ERROR',
    errno: 1045,
    sqlState: '28000',
    sqlMessage: "Access denied for user ''@'172.18.0.1' (using password: NO)",
    sql: undefined
  },
  code: -1,
  msg: '服务器异常！',
  portName: '/admin/login',
  body: { name: 'admin', pwd: 'f379eaf3c831b04de153469d1bec345e' },
  query: {},
  method: 'POST'
}"} 

{"date":"2023-06-28 17:18:12","type":"ERROR","data":"{
  err: Error: Access denied for user ''@'172.18.0.1' (using password: NO)
      at Packet.asError (/Users/seven/WebProjects/myself/open-source-exercise/admin-starter/node_modules/.pnpm/registry.npmmirror.com+mysql2@3.4.2/node_modules/mysql2/lib/packets/packet.js:728:17)
      at ClientHandshake.execute (/Users/seven/WebProjects/myself/open-source-exercise/admin-starter/node_modules/.pnpm/registry.npmmirror.com+mysql2@3.4.2/node_modules/mysql2/lib/commands/command.js:29:26)
      at PoolConnection.handlePacket (/Users/seven/WebProjects/myself/open-source-exercise/admin-starter/node_modules/.pnpm/registry.npmmirror.com+mysql2@3.4.2/node_modules/mysql2/lib/connection.js:492:32)
      at PacketParser.onPacket (/Users/seven/WebProjects/myself/open-source-exercise/admin-starter/node_modules/.pnpm/registry.npmmirror.com+mysql2@3.4.2/node_modules/mysql2/lib/connection.js:97:12)
      at PacketParser.executeStart (/Users/seven/WebProjects/myself/open-source-exercise/admin-starter/node_modules/.pnpm/registry.npmmirror.com+mysql2@3.4.2/node_modules/mysql2/lib/packet_parser.js:75:16)
      at Socket.<anonymous> (/Users/seven/WebProjects/myself/open-source-exercise/admin-starter/node_modules/.pnpm/registry.npmmirror.com+mysql2@3.4.2/node_modules/mysql2/lib/connection.js:104:25)
      at Socket.emit (events.js:400:28)
      at addChunk (internal/streams/readable.js:293:12)
      at readableAddChunk (internal/streams/readable.js:267:9)
      at Socket.Readable.push (internal/streams/readable.js:206:10) {
    code: 'ER_ACCESS_DENIED_ERROR',
    errno: 1045,
    sqlState: '28000',
    sqlMessage: "Access denied for user ''@'172.18.0.1' (using password: NO)",
    sql: undefined
  },
  code: -1,
  msg: '服务器异常！',
  portName: '/admin/login',
  body: { name: 'admin', pwd: 'f379eaf3c831b04de153469d1bec345e' },
  query: {},
  method: 'POST'
}"} 

{"date":"2023-06-28 17:22:28","type":"ERROR","data":"{
  err: Error: Access denied for user ''@'172.18.0.1' (using password: NO)
      at Packet.asError (/Users/seven/WebProjects/myself/open-source-exercise/admin-starter/node_modules/.pnpm/registry.npmmirror.com+mysql2@3.4.2/node_modules/mysql2/lib/packets/packet.js:728:17)
      at ClientHandshake.execute (/Users/seven/WebProjects/myself/open-source-exercise/admin-starter/node_modules/.pnpm/registry.npmmirror.com+mysql2@3.4.2/node_modules/mysql2/lib/commands/command.js:29:26)
      at PoolConnection.handlePacket (/Users/seven/WebProjects/myself/open-source-exercise/admin-starter/node_modules/.pnpm/registry.npmmirror.com+mysql2@3.4.2/node_modules/mysql2/lib/connection.js:492:32)
      at PacketParser.onPacket (/Users/seven/WebProjects/myself/open-source-exercise/admin-starter/node_modules/.pnpm/registry.npmmirror.com+mysql2@3.4.2/node_modules/mysql2/lib/connection.js:97:12)
      at PacketParser.executeStart (/Users/seven/WebProjects/myself/open-source-exercise/admin-starter/node_modules/.pnpm/registry.npmmirror.com+mysql2@3.4.2/node_modules/mysql2/lib/packet_parser.js:75:16)
      at Socket.<anonymous> (/Users/seven/WebProjects/myself/open-source-exercise/admin-starter/node_modules/.pnpm/registry.npmmirror.com+mysql2@3.4.2/node_modules/mysql2/lib/connection.js:104:25)
      at Socket.emit (events.js:400:28)
      at addChunk (internal/streams/readable.js:293:12)
      at readableAddChunk (internal/streams/readable.js:267:9)
      at Socket.Readable.push (internal/streams/readable.js:206:10) {
    code: 'ER_ACCESS_DENIED_ERROR',
    errno: 1045,
    sqlState: '28000',
    sqlMessage: "Access denied for user ''@'172.18.0.1' (using password: NO)",
    sql: undefined
  },
  code: -1,
  msg: '服务器异常！',
  portName: '/admin/login',
  body: { name: 'admin', pwd: 'f379eaf3c831b04de153469d1bec345e' },
  query: {},
  method: 'POST'
}"} 

