{"date":"2023-06-26 20:59:47","type":"ERROR","data":"{
  err: Error: ER_NOT_SUPPORTED_AUTH_MODE: Client does not support authentication protocol requested by server; consider upgrading MySQL client
      at Handshake.Sequence._packetToError (/Users/seven/WebProjects/myself/open-source-exercise/vue2-admin-starter/node_modules/.pnpm/registry.npmmirror.com+mysql@2.18.1/node_modules/mysql/lib/protocol/sequences/Sequence.js:47:14)
      at Handshake.ErrorPacket (/Users/seven/WebProjects/myself/open-source-exercise/vue2-admin-starter/node_modules/.pnpm/registry.npmmirror.com+mysql@2.18.1/node_modules/mysql/lib/protocol/sequences/Handshake.js:123:18)
      at Protocol._parsePacket (/Users/seven/WebProjects/myself/open-source-exercise/vue2-admin-starter/node_modules/.pnpm/registry.npmmirror.com+mysql@2.18.1/node_modules/mysql/lib/protocol/Protocol.js:291:23)
      at Parser._parsePacket (/Users/seven/WebProjects/myself/open-source-exercise/vue2-admin-starter/node_modules/.pnpm/registry.npmmirror.com+mysql@2.18.1/node_modules/mysql/lib/protocol/Parser.js:433:10)
      at Parser.write (/Users/seven/WebProjects/myself/open-source-exercise/vue2-admin-starter/node_modules/.pnpm/registry.npmmirror.com+mysql@2.18.1/node_modules/mysql/lib/protocol/Parser.js:43:10)
      at Protocol.write (/Users/seven/WebProjects/myself/open-source-exercise/vue2-admin-starter/node_modules/.pnpm/registry.npmmirror.com+mysql@2.18.1/node_modules/mysql/lib/protocol/Protocol.js:38:16)
      at Socket.<anonymous> (/Users/seven/WebProjects/myself/open-source-exercise/vue2-admin-starter/node_modules/.pnpm/registry.npmmirror.com+mysql@2.18.1/node_modules/mysql/lib/Connection.js:88:28)
      at Socket.<anonymous> (/Users/seven/WebProjects/myself/open-source-exercise/vue2-admin-starter/node_modules/.pnpm/registry.npmmirror.com+mysql@2.18.1/node_modules/mysql/lib/Connection.js:526:10)
      at Socket.emit (events.js:400:28)
      at addChunk (internal/streams/readable.js:293:12)
      --------------------
      at Protocol._enqueue (/Users/seven/WebProjects/myself/open-source-exercise/vue2-admin-starter/node_modules/.pnpm/registry.npmmirror.com+mysql@2.18.1/node_modules/mysql/lib/protocol/Protocol.js:144:48)
      at Protocol.handshake (/Users/seven/WebProjects/myself/open-source-exercise/vue2-admin-starter/node_modules/.pnpm/registry.npmmirror.com+mysql@2.18.1/node_modules/mysql/lib/protocol/Protocol.js:51:23)
      at PoolConnection.connect (/Users/seven/WebProjects/myself/open-source-exercise/vue2-admin-starter/node_modules/.pnpm/registry.npmmirror.com+mysql@2.18.1/node_modules/mysql/lib/Connection.js:116:18)
      at Pool.getConnection (/Users/seven/WebProjects/myself/open-source-exercise/vue2-admin-starter/node_modules/.pnpm/registry.npmmirror.com+mysql@2.18.1/node_modules/mysql/lib/Pool.js:48:16)
      at Pool.query (/Users/seven/WebProjects/myself/open-source-exercise/vue2-admin-starter/node_modules/.pnpm/registry.npmmirror.com+mysql@2.18.1/node_modules/mysql/lib/Pool.js:202:8)
      at /Users/seven/WebProjects/myself/open-source-exercise/vue2-admin-starter/packages/service/utils/index.js:87:18
      at new Promise (<anonymous>)
      at Object.getUserInfo (/Users/seven/WebProjects/myself/open-source-exercise/vue2-admin-starter/packages/service/utils/index.js:81:16)
      at /Users/seven/WebProjects/myself/open-source-exercise/vue2-admin-starter/packages/service/app.js:18:24
      at Layer.handle [as handle_request] (/Users/seven/WebProjects/myself/open-source-exercise/vue2-admin-starter/node_modules/.pnpm/registry.npmmirror.com+express@4.18.2/node_modules/express/lib/router/layer.js:95:5) {
    code: 'ER_NOT_SUPPORTED_AUTH_MODE',
    errno: 1251,
    sqlMessage: 'Client does not support authentication protocol requested by server; consider upgrading MySQL client',
    sqlState: '08004',
    fatal: true
  },
  code: -1,
  msg: '服务端用户信息获取错误！',
  portName: '/admin/getUserInfo',
  body: {},
  query: {},
  method: 'POST'
}"} 

{"date":"2023-06-26 22:41:58","type":"ERROR","data":"{
  err: null,
  code: -1,
  msg: '删除失败，请先删除子级',
  portName: '/admin/delMenu',
  body: { id: 30 },
  query: {},
  method: 'POST'
}"} 

{"date":"2023-06-26 23:02:18","type":"ERROR","data":"{
  err: Error: Unknown database 'vue_admin'
      at Packet.asError (/Users/seven/WebProjects/myself/open-source-exercise/admin-starter/node_modules/.pnpm/registry.npmmirror.com+mysql2@3.4.2/node_modules/mysql2/lib/packets/packet.js:728:17)
      at ClientHandshake.execute (/Users/seven/WebProjects/myself/open-source-exercise/admin-starter/node_modules/.pnpm/registry.npmmirror.com+mysql2@3.4.2/node_modules/mysql2/lib/commands/command.js:29:26)
      at PoolConnection.handlePacket (/Users/seven/WebProjects/myself/open-source-exercise/admin-starter/node_modules/.pnpm/registry.npmmirror.com+mysql2@3.4.2/node_modules/mysql2/lib/connection.js:492:32)
      at PacketParser.onPacket (/Users/seven/WebProjects/myself/open-source-exercise/admin-starter/node_modules/.pnpm/registry.npmmirror.com+mysql2@3.4.2/node_modules/mysql2/lib/connection.js:97:12)
      at PacketParser.executeStart (/Users/seven/WebProjects/myself/open-source-exercise/admin-starter/node_modules/.pnpm/registry.npmmirror.com+mysql2@3.4.2/node_modules/mysql2/lib/packet_parser.js:75:16)
      at Socket.<anonymous> (/Users/seven/WebProjects/myself/open-source-exercise/admin-starter/node_modules/.pnpm/registry.npmmirror.com+mysql2@3.4.2/node_modules/mysql2/lib/connection.js:104:25)
      at Socket.emit (events.js:400:28)
      at addChunk (internal/streams/readable.js:293:12)
      at readableAddChunk (internal/streams/readable.js:267:9)
      at Socket.Readable.push (internal/streams/readable.js:206:10) {
    code: 'ER_BAD_DB_ERROR',
    errno: 1049,
    sqlState: '42000',
    sqlMessage: "Unknown database 'vue_admin'",
    sql: undefined
  },
  code: -1,
  msg: '服务端用户信息获取错误！',
  portName: '/admin/getUserInfo',
  body: {},
  query: {},
  method: 'POST'
}"} 

{"date":"2023-06-26 23:05:33","type":"ERROR","data":"{
  err: Error: Unknown database 'vue_admin'
      at Packet.asError (/Users/seven/WebProjects/myself/open-source-exercise/admin-starter/node_modules/.pnpm/registry.npmmirror.com+mysql2@3.4.2/node_modules/mysql2/lib/packets/packet.js:728:17)
      at ClientHandshake.execute (/Users/seven/WebProjects/myself/open-source-exercise/admin-starter/node_modules/.pnpm/registry.npmmirror.com+mysql2@3.4.2/node_modules/mysql2/lib/commands/command.js:29:26)
      at PoolConnection.handlePacket (/Users/seven/WebProjects/myself/open-source-exercise/admin-starter/node_modules/.pnpm/registry.npmmirror.com+mysql2@3.4.2/node_modules/mysql2/lib/connection.js:492:32)
      at PacketParser.onPacket (/Users/seven/WebProjects/myself/open-source-exercise/admin-starter/node_modules/.pnpm/registry.npmmirror.com+mysql2@3.4.2/node_modules/mysql2/lib/connection.js:97:12)
      at PacketParser.executeStart (/Users/seven/WebProjects/myself/open-source-exercise/admin-starter/node_modules/.pnpm/registry.npmmirror.com+mysql2@3.4.2/node_modules/mysql2/lib/packet_parser.js:75:16)
      at Socket.<anonymous> (/Users/seven/WebProjects/myself/open-source-exercise/admin-starter/node_modules/.pnpm/registry.npmmirror.com+mysql2@3.4.2/node_modules/mysql2/lib/connection.js:104:25)
      at Socket.emit (events.js:400:28)
      at addChunk (internal/streams/readable.js:293:12)
      at readableAddChunk (internal/streams/readable.js:267:9)
      at Socket.Readable.push (internal/streams/readable.js:206:10) {
    code: 'ER_BAD_DB_ERROR',
    errno: 1049,
    sqlState: '42000',
    sqlMessage: "Unknown database 'vue_admin'",
    sql: undefined
  },
  code: -1,
  msg: '服务端用户信息获取错误！',
  portName: '/admin/getUserInfo',
  body: {},
  query: {},
  method: 'POST'
}"} 

